<?xml version="1.0" encoding="UTF-8"?>
<testsuite name="cleanTest.ContactTest" tests="1" skipped="0" failures="0" errors="0" timestamp="2021-08-13T03:05:10" hostname="DESKTOP-PI6EFIU" time="57.2">
  <properties/>
  <testcase name="verifyCreateTask()" classname="cleanTest.ContactTest" time="57.2"/>
  <system-out><![CDATA[]]></system-out>
  <system-err><![CDATA[Aug 12, 2021 11:05:24 PM io.appium.java_client.remote.AppiumCommandExecutor$1 lambda$0
INFO: Detected dialect: W3C
]]></system-err>
</testsuite>
